<?xml version="1.0" encoding="UTF-8"?>
<testng-results ignored="0" total="1" passed="1" failed="0" skipped="0">
  <reporter-output>
  </reporter-output>
  <suite started-at="2023-08-16T05:13:25 IST" name="Default suite" finished-at="2023-08-16T05:13:33 IST" duration-ms="7182">
    <groups>
    </groups>
    <test started-at="2023-08-16T05:13:25 IST" name="Default test" finished-at="2023-08-16T05:13:33 IST" duration-ms="7182">
      <class name="com.qa.tests.FitdayTest">
        <test-method is-config="true" signature="setUp()[pri:0, instance:com.qa.tests.FitdayTest@3b0fe47a]" started-at="2023-08-16T05:13:25 IST" name="setUp" finished-at="2023-08-16T05:13:32 IST" duration-ms="6968" status="PASS">
          <reporter-output>
          </reporter-output>
        </test-method> <!-- setUp -->
        <test-method signature="headTailsTitleValidation()[pri:0, instance:com.qa.tests.FitdayTest@3b0fe47a]" started-at="2023-08-16T05:13:32 IST" name="headTailsTitleValidation" finished-at="2023-08-16T05:13:32 IST" duration-ms="16" status="PASS">
          <reporter-output>
          </reporter-output>
        </test-method> <!-- headTailsTitleValidation -->
        <test-method is-config="true" signature="tearDown()[pri:0, instance:com.qa.tests.FitdayTest@3b0fe47a]" started-at="2023-08-16T05:13:32 IST" name="tearDown" finished-at="2023-08-16T05:13:33 IST" duration-ms="155" status="PASS">
          <reporter-output>
          </reporter-output>
        </test-method> <!-- tearDown -->
      </class> <!-- com.qa.tests.FitdayTest -->
    </test> <!-- Default test -->
  </suite> <!-- Default suite -->
</testng-results>
